2025-06-03 20:18:17,418 - DEBUG - _api.py - Attempting to acquire lock 1315369951520 on C:\Users\mw-ko\Documents\GitHub\edaxo-recruitment-task\tests\temp.lock
2025-06-03 20:18:17,419 - DEBUG - _api.py - Lock 1315369951520 acquired on C:\Users\mw-ko\Documents\GitHub\edaxo-recruitment-task\tests\temp.lock
2025-06-03 20:18:17,419 - DEBUG - json.py - Initializing JsonDatabaseConnector...
2025-06-03 20:18:17,420 - DEBUG - _api.py - Attempting to release lock 1315369951520 on C:\Users\mw-ko\Documents\GitHub\edaxo-recruitment-task\tests\temp.lock
2025-06-03 20:18:17,420 - DEBUG - _api.py - Lock 1315369951520 released on C:\Users\mw-ko\Documents\GitHub\edaxo-recruitment-task\tests\temp.lock
2025-06-03 20:18:17,420 - DEBUG - json.py - Saving data to C:\Users\mw-ko\Documents\GitHub\edaxo-recruitment-task\tests\temp\test_database.json...
2025-06-03 20:18:17,421 - DEBUG - json.py - Saving data to C:\Users\mw-ko\Documents\GitHub\edaxo-recruitment-task\tests\temp\test_database.json...
2025-06-03 20:18:17,421 - DEBUG - json.py - Saving data to C:\Users\mw-ko\Documents\GitHub\edaxo-recruitment-task\tests\temp\test_database.json...
2025-06-03 20:18:17,424 - DEBUG - _api.py - Attempting to acquire lock 1315369951520 on C:\Users\mw-ko\Documents\GitHub\edaxo-recruitment-task\tests\temp.lock
2025-06-03 20:18:17,425 - DEBUG - _api.py - Lock 1315369951520 acquired on C:\Users\mw-ko\Documents\GitHub\edaxo-recruitment-task\tests\temp.lock
2025-06-03 20:18:17,426 - DEBUG - _api.py - Attempting to release lock 1315369951520 on C:\Users\mw-ko\Documents\GitHub\edaxo-recruitment-task\tests\temp.lock
2025-06-03 20:18:17,426 - DEBUG - _api.py - Lock 1315369951520 released on C:\Users\mw-ko\Documents\GitHub\edaxo-recruitment-task\tests\temp.lock
2025-06-03 20:18:17,428 - DEBUG - _api.py - Attempting to acquire lock 1315369951520 on C:\Users\mw-ko\Documents\GitHub\edaxo-recruitment-task\tests\temp.lock
2025-06-03 20:18:17,429 - DEBUG - _api.py - Lock 1315369951520 acquired on C:\Users\mw-ko\Documents\GitHub\edaxo-recruitment-task\tests\temp.lock
2025-06-03 20:18:17,430 - DEBUG - json.py - Initializing JsonDatabaseConnector...
2025-06-03 20:18:17,430 - DEBUG - _api.py - Attempting to release lock 1315369951520 on C:\Users\mw-ko\Documents\GitHub\edaxo-recruitment-task\tests\temp.lock
2025-06-03 20:18:17,431 - DEBUG - _api.py - Lock 1315369951520 released on C:\Users\mw-ko\Documents\GitHub\edaxo-recruitment-task\tests\temp.lock
2025-06-03 20:18:17,433 - DEBUG - _api.py - Attempting to acquire lock 1315369951520 on C:\Users\mw-ko\Documents\GitHub\edaxo-recruitment-task\tests\temp.lock
2025-06-03 20:18:17,434 - DEBUG - _api.py - Lock 1315369951520 acquired on C:\Users\mw-ko\Documents\GitHub\edaxo-recruitment-task\tests\temp.lock
2025-06-03 20:18:17,434 - DEBUG - _api.py - Attempting to release lock 1315369951520 on C:\Users\mw-ko\Documents\GitHub\edaxo-recruitment-task\tests\temp.lock
2025-06-03 20:18:17,435 - DEBUG - _api.py - Lock 1315369951520 released on C:\Users\mw-ko\Documents\GitHub\edaxo-recruitment-task\tests\temp.lock
2025-06-03 20:18:17,437 - DEBUG - _api.py - Attempting to acquire lock 1315369951520 on C:\Users\mw-ko\Documents\GitHub\edaxo-recruitment-task\tests\temp.lock
2025-06-03 20:18:17,438 - DEBUG - _api.py - Lock 1315369951520 acquired on C:\Users\mw-ko\Documents\GitHub\edaxo-recruitment-task\tests\temp.lock
2025-06-03 20:18:17,439 - DEBUG - json.py - Initializing JsonDatabaseConnector...
2025-06-03 20:18:17,439 - DEBUG - _api.py - Attempting to release lock 1315369951520 on C:\Users\mw-ko\Documents\GitHub\edaxo-recruitment-task\tests\temp.lock
2025-06-03 20:18:17,439 - DEBUG - _api.py - Lock 1315369951520 released on C:\Users\mw-ko\Documents\GitHub\edaxo-recruitment-task\tests\temp.lock
2025-06-03 20:18:17,439 - DEBUG - json.py - Saving data to C:\Users\mw-ko\Documents\GitHub\edaxo-recruitment-task\tests\temp\test_database.json...
2025-06-03 20:18:17,443 - DEBUG - _api.py - Attempting to acquire lock 1315369951520 on C:\Users\mw-ko\Documents\GitHub\edaxo-recruitment-task\tests\temp.lock
2025-06-03 20:18:17,444 - DEBUG - _api.py - Lock 1315369951520 acquired on C:\Users\mw-ko\Documents\GitHub\edaxo-recruitment-task\tests\temp.lock
2025-06-03 20:18:17,444 - DEBUG - _api.py - Attempting to release lock 1315369951520 on C:\Users\mw-ko\Documents\GitHub\edaxo-recruitment-task\tests\temp.lock
2025-06-03 20:18:17,445 - DEBUG - _api.py - Lock 1315369951520 released on C:\Users\mw-ko\Documents\GitHub\edaxo-recruitment-task\tests\temp.lock
2025-06-03 20:18:17,445 - DEBUG - _api.py - Attempting to acquire lock 1315369951520 on C:\Users\mw-ko\Documents\GitHub\edaxo-recruitment-task\tests\temp.lock
2025-06-03 20:18:17,445 - DEBUG - _api.py - Lock 1315369951520 acquired on C:\Users\mw-ko\Documents\GitHub\edaxo-recruitment-task\tests\temp.lock
2025-06-03 20:18:17,446 - DEBUG - _api.py - Attempting to release lock 1315369951520 on C:\Users\mw-ko\Documents\GitHub\edaxo-recruitment-task\tests\temp.lock
2025-06-03 20:18:17,446 - DEBUG - _api.py - Lock 1315369951520 released on C:\Users\mw-ko\Documents\GitHub\edaxo-recruitment-task\tests\temp.lock
2025-06-03 20:18:17,449 - DEBUG - _api.py - Attempting to acquire lock 1315369203856 on C:\Users\mw-ko\Documents\GitHub\edaxo-recruitment-task\tests\temp.lock
2025-06-03 20:18:17,450 - DEBUG - _api.py - Lock 1315369203856 acquired on C:\Users\mw-ko\Documents\GitHub\edaxo-recruitment-task\tests\temp.lock
2025-06-03 20:18:17,450 - DEBUG - sql.py - Initializing SQLDatabaseConnector...
2025-06-03 20:18:17,450 - WARNING - database_connector.py - Path doesn't exist: C:\Users\mw-ko\Documents\GitHub\edaxo-recruitment-task\tests\temp\test_database.db
2025-06-03 20:18:17,453 - DEBUG - _api.py - Attempting to release lock 1315369203856 on C:\Users\mw-ko\Documents\GitHub\edaxo-recruitment-task\tests\temp.lock
2025-06-03 20:18:17,453 - DEBUG - _api.py - Lock 1315369203856 released on C:\Users\mw-ko\Documents\GitHub\edaxo-recruitment-task\tests\temp.lock
2025-06-03 20:18:17,465 - DEBUG - _api.py - Attempting to acquire lock 1315369203856 on C:\Users\mw-ko\Documents\GitHub\edaxo-recruitment-task\tests\temp.lock
2025-06-03 20:18:17,466 - DEBUG - _api.py - Lock 1315369203856 acquired on C:\Users\mw-ko\Documents\GitHub\edaxo-recruitment-task\tests\temp.lock
2025-06-03 20:18:17,467 - DEBUG - _api.py - Attempting to release lock 1315369203856 on C:\Users\mw-ko\Documents\GitHub\edaxo-recruitment-task\tests\temp.lock
2025-06-03 20:18:17,467 - DEBUG - _api.py - Lock 1315369203856 released on C:\Users\mw-ko\Documents\GitHub\edaxo-recruitment-task\tests\temp.lock
2025-06-03 20:18:17,469 - DEBUG - _api.py - Attempting to acquire lock 1315369203856 on C:\Users\mw-ko\Documents\GitHub\edaxo-recruitment-task\tests\temp.lock
2025-06-03 20:18:17,470 - DEBUG - _api.py - Lock 1315369203856 acquired on C:\Users\mw-ko\Documents\GitHub\edaxo-recruitment-task\tests\temp.lock
2025-06-03 20:18:17,470 - DEBUG - sql.py - Initializing SQLDatabaseConnector...
2025-06-03 20:18:17,470 - WARNING - database_connector.py - Path doesn't exist: C:\Users\mw-ko\Documents\GitHub\edaxo-recruitment-task\tests\temp\test_database.db
2025-06-03 20:18:17,473 - DEBUG - _api.py - Attempting to release lock 1315369203856 on C:\Users\mw-ko\Documents\GitHub\edaxo-recruitment-task\tests\temp.lock
2025-06-03 20:18:17,473 - DEBUG - _api.py - Lock 1315369203856 released on C:\Users\mw-ko\Documents\GitHub\edaxo-recruitment-task\tests\temp.lock
2025-06-03 20:18:17,479 - DEBUG - _api.py - Attempting to acquire lock 1315369203856 on C:\Users\mw-ko\Documents\GitHub\edaxo-recruitment-task\tests\temp.lock
2025-06-03 20:18:17,479 - DEBUG - _api.py - Lock 1315369203856 acquired on C:\Users\mw-ko\Documents\GitHub\edaxo-recruitment-task\tests\temp.lock
2025-06-03 20:18:17,480 - DEBUG - _api.py - Attempting to release lock 1315369203856 on C:\Users\mw-ko\Documents\GitHub\edaxo-recruitment-task\tests\temp.lock
2025-06-03 20:18:17,480 - DEBUG - _api.py - Lock 1315369203856 released on C:\Users\mw-ko\Documents\GitHub\edaxo-recruitment-task\tests\temp.lock
2025-06-03 20:18:17,483 - DEBUG - _api.py - Attempting to acquire lock 1315369203856 on C:\Users\mw-ko\Documents\GitHub\edaxo-recruitment-task\tests\temp.lock
2025-06-03 20:18:17,484 - DEBUG - _api.py - Lock 1315369203856 acquired on C:\Users\mw-ko\Documents\GitHub\edaxo-recruitment-task\tests\temp.lock
2025-06-03 20:18:17,484 - DEBUG - sql.py - Initializing SQLDatabaseConnector...
2025-06-03 20:18:17,484 - WARNING - database_connector.py - Path doesn't exist: C:\Users\mw-ko\Documents\GitHub\edaxo-recruitment-task\tests\temp\test_database.db
2025-06-03 20:18:17,487 - DEBUG - _api.py - Attempting to release lock 1315369203856 on C:\Users\mw-ko\Documents\GitHub\edaxo-recruitment-task\tests\temp.lock
2025-06-03 20:18:17,487 - DEBUG - _api.py - Lock 1315369203856 released on C:\Users\mw-ko\Documents\GitHub\edaxo-recruitment-task\tests\temp.lock
2025-06-03 20:18:17,494 - DEBUG - _api.py - Attempting to acquire lock 1315369203856 on C:\Users\mw-ko\Documents\GitHub\edaxo-recruitment-task\tests\temp.lock
2025-06-03 20:18:17,495 - DEBUG - _api.py - Lock 1315369203856 acquired on C:\Users\mw-ko\Documents\GitHub\edaxo-recruitment-task\tests\temp.lock
2025-06-03 20:18:17,495 - DEBUG - _api.py - Attempting to release lock 1315369203856 on C:\Users\mw-ko\Documents\GitHub\edaxo-recruitment-task\tests\temp.lock
2025-06-03 20:18:17,495 - DEBUG - _api.py - Lock 1315369203856 released on C:\Users\mw-ko\Documents\GitHub\edaxo-recruitment-task\tests\temp.lock
2025-06-03 20:18:17,496 - DEBUG - _api.py - Attempting to acquire lock 1315369203856 on C:\Users\mw-ko\Documents\GitHub\edaxo-recruitment-task\tests\temp.lock
2025-06-03 20:18:17,496 - DEBUG - _api.py - Lock 1315369203856 acquired on C:\Users\mw-ko\Documents\GitHub\edaxo-recruitment-task\tests\temp.lock
2025-06-03 20:18:17,496 - DEBUG - _api.py - Attempting to release lock 1315369203856 on C:\Users\mw-ko\Documents\GitHub\edaxo-recruitment-task\tests\temp.lock
2025-06-03 20:18:17,497 - DEBUG - _api.py - Lock 1315369203856 released on C:\Users\mw-ko\Documents\GitHub\edaxo-recruitment-task\tests\temp.lock
